2021-10-22 18:12:47,209 [SpringApplicationShutdownHook] INFO  [c.a.cloud.nacos.registry.NacosServiceRegistry] NacosServiceRegistry.java:90 - De-registering from Nacos Server now...
2021-10-22 18:12:47,215 [SpringApplicationShutdownHook] INFO  [c.a.cloud.nacos.registry.NacosServiceRegistry] NacosServiceRegistry.java:110 - De-registration finished.
2021-10-22 18:12:54,244 [SpringApplicationShutdownHook] WARN  [o.s.beans.factory.support.DisposableBeanAdapter] DisposableBeanAdapter.java:291 - Destroy method 'close' on bean with name 'nacosServiceRegistry' threw an exception: java.lang.NullPointerException
2021-10-22 18:13:06,767 [background-preinit] INFO  [org.hibernate.validator.internal.util.Version] Version.java:21 - HV000001: Hibernate Validator 6.2.0.Final
2021-10-22 18:13:07,305 [main] WARN  [c.a.cloud.nacos.client.NacosPropertySourceBuilder] NacosPropertySourceBuilder.java:87 - Ignore the empty nacos configuration and get it based on dataId[sanyi-gateway] & group[DEFAULT_GROUP]
2021-10-22 18:13:07,310 [main] WARN  [c.a.cloud.nacos.client.NacosPropertySourceBuilder] NacosPropertySourceBuilder.java:87 - Ignore the empty nacos configuration and get it based on dataId[sanyi-gateway.yml] & group[DEFAULT_GROUP]
2021-10-22 18:13:07,320 [main] INFO  [o.s.c.b.c.PropertySourceBootstrapConfiguration] PropertySourceBootstrapConfiguration.java:109 - Located property source: [BootstrapPropertySource {name='bootstrapProperties-sanyi-gateway-dev.yml,DEFAULT_GROUP'}, BootstrapPropertySource {name='bootstrapProperties-sanyi-gateway.yml,DEFAULT_GROUP'}, BootstrapPropertySource {name='bootstrapProperties-sanyi-gateway,DEFAULT_GROUP'}, BootstrapPropertySource {name='bootstrapProperties-application-dev.yml,DEFAULT_GROUP'}]
2021-10-22 18:13:07,326 [main] INFO  [com.sanyicloud.sanyi.SanyiGatewayApplication] SpringApplication.java:663 - The following profiles are active: dev
2021-10-22 18:13:08,170 [main] INFO  [o.s.d.r.config.RepositoryConfigurationDelegate] RepositoryConfigurationDelegate.java:262 - Multiple Spring Data modules found, entering strict repository configuration mode!
2021-10-22 18:13:08,172 [main] INFO  [o.s.d.r.config.RepositoryConfigurationDelegate] RepositoryConfigurationDelegate.java:132 - Bootstrapping Spring Data Redis repositories in DEFAULT mode.
2021-10-22 18:13:08,191 [main] INFO  [o.s.d.r.config.RepositoryConfigurationDelegate] RepositoryConfigurationDelegate.java:201 - Finished Spring Data repository scanning in 9 ms. Found 0 Redis repository interfaces.
2021-10-22 18:13:08,366 [main] INFO  [o.springframework.cloud.context.scope.GenericScope] GenericScope.java:283 - BeanFactory id=88ccf1e8-e761-3d85-9d82-606c81b04846
2021-10-22 18:13:08,745 [main] INFO  [o.s.c.s.PostProcessorRegistrationDelegate$BeanPostProcessorChecker] PostProcessorRegistrationDelegate.java:376 - Bean 'spring.cloud.sentinel-com.alibaba.cloud.sentinel.SentinelProperties' of type [com.alibaba.cloud.sentinel.SentinelProperties] is not eligible for getting processed by all BeanPostProcessors (for example: not eligible for auto-proxying)
2021-10-22 18:13:08,808 [main] INFO  [o.s.c.s.PostProcessorRegistrationDelegate$BeanPostProcessorChecker] PostProcessorRegistrationDelegate.java:376 - Bean 'com.alibaba.cloud.sentinel.custom.SentinelAutoConfiguration' of type [com.alibaba.cloud.sentinel.custom.SentinelAutoConfiguration] is not eligible for getting processed by all BeanPostProcessors (for example: not eligible for auto-proxying)
2021-10-22 18:13:08,818 [main] INFO  [o.s.c.s.PostProcessorRegistrationDelegate$BeanPostProcessorChecker] PostProcessorRegistrationDelegate.java:376 - Bean 'org.springframework.cloud.client.loadbalancer.reactive.LoadBalancerBeanPostProcessorAutoConfiguration' of type [org.springframework.cloud.client.loadbalancer.reactive.LoadBalancerBeanPostProcessorAutoConfiguration] is not eligible for getting processed by all BeanPostProcessors (for example: not eligible for auto-proxying)
2021-10-22 18:13:08,820 [main] INFO  [o.s.c.s.PostProcessorRegistrationDelegate$BeanPostProcessorChecker] PostProcessorRegistrationDelegate.java:376 - Bean 'org.springframework.cloud.client.loadbalancer.reactive.LoadBalancerBeanPostProcessorAutoConfiguration$ReactorDeferringLoadBalancerFilterConfig' of type [org.springframework.cloud.client.loadbalancer.reactive.LoadBalancerBeanPostProcessorAutoConfiguration$ReactorDeferringLoadBalancerFilterConfig] is not eligible for getting processed by all BeanPostProcessors (for example: not eligible for auto-proxying)
2021-10-22 18:13:08,821 [main] INFO  [o.s.c.s.PostProcessorRegistrationDelegate$BeanPostProcessorChecker] PostProcessorRegistrationDelegate.java:376 - Bean 'reactorDeferringLoadBalancerExchangeFilterFunction' of type [org.springframework.cloud.client.loadbalancer.reactive.DeferringLoadBalancerExchangeFilterFunction] is not eligible for getting processed by all BeanPostProcessors (for example: not eligible for auto-proxying)
2021-10-22 18:13:09,520 [main] INFO  [org.redisson.Version] Version.java:41 - Redisson 3.16.3
2021-10-22 18:13:10,120 [redisson-netty-3-13] INFO  [o.r.connection.pool.MasterPubSubConnectionPool] ConnectionPool.java:166 - 1 connections initialized for 172.19.1.251/172.19.1.251:6379
2021-10-22 18:13:10,152 [redisson-netty-3-3] INFO  [org.redisson.connection.pool.MasterConnectionPool] ConnectionPool.java:166 - 32 connections initialized for 172.19.1.251/172.19.1.251:6379
2021-10-22 18:13:10,662 [main] INFO  [c.a.c.s.gateway.scg.SentinelSCGAutoConfiguration] SentinelSCGAutoConfiguration.java:144 - [Sentinel SpringCloudGateway] register SentinelGatewayFilter with order: -2147483648
2021-10-22 18:13:10,745 [main] INFO  [o.s.c.gateway.route.RouteDefinitionRouteLocator] RouteDefinitionRouteLocator.java:88 - Loaded RoutePredicateFactory [After]
2021-10-22 18:13:10,745 [main] INFO  [o.s.c.gateway.route.RouteDefinitionRouteLocator] RouteDefinitionRouteLocator.java:88 - Loaded RoutePredicateFactory [Before]
2021-10-22 18:13:10,745 [main] INFO  [o.s.c.gateway.route.RouteDefinitionRouteLocator] RouteDefinitionRouteLocator.java:88 - Loaded RoutePredicateFactory [Between]
2021-10-22 18:13:10,746 [main] INFO  [o.s.c.gateway.route.RouteDefinitionRouteLocator] RouteDefinitionRouteLocator.java:88 - Loaded RoutePredicateFactory [Cookie]
2021-10-22 18:13:10,746 [main] INFO  [o.s.c.gateway.route.RouteDefinitionRouteLocator] RouteDefinitionRouteLocator.java:88 - Loaded RoutePredicateFactory [Header]
2021-10-22 18:13:10,746 [main] INFO  [o.s.c.gateway.route.RouteDefinitionRouteLocator] RouteDefinitionRouteLocator.java:88 - Loaded RoutePredicateFactory [Host]
2021-10-22 18:13:10,746 [main] INFO  [o.s.c.gateway.route.RouteDefinitionRouteLocator] RouteDefinitionRouteLocator.java:88 - Loaded RoutePredicateFactory [Method]
2021-10-22 18:13:10,746 [main] INFO  [o.s.c.gateway.route.RouteDefinitionRouteLocator] RouteDefinitionRouteLocator.java:88 - Loaded RoutePredicateFactory [Path]
2021-10-22 18:13:10,746 [main] INFO  [o.s.c.gateway.route.RouteDefinitionRouteLocator] RouteDefinitionRouteLocator.java:88 - Loaded RoutePredicateFactory [Query]
2021-10-22 18:13:10,747 [main] INFO  [o.s.c.gateway.route.RouteDefinitionRouteLocator] RouteDefinitionRouteLocator.java:88 - Loaded RoutePredicateFactory [ReadBody]
2021-10-22 18:13:10,747 [main] INFO  [o.s.c.gateway.route.RouteDefinitionRouteLocator] RouteDefinitionRouteLocator.java:88 - Loaded RoutePredicateFactory [RemoteAddr]
2021-10-22 18:13:10,747 [main] INFO  [o.s.c.gateway.route.RouteDefinitionRouteLocator] RouteDefinitionRouteLocator.java:88 - Loaded RoutePredicateFactory [Weight]
2021-10-22 18:13:10,747 [main] INFO  [o.s.c.gateway.route.RouteDefinitionRouteLocator] RouteDefinitionRouteLocator.java:88 - Loaded RoutePredicateFactory [CloudFoundryRouteService]
2021-10-22 18:13:11,154 [main] INFO  [o.s.b.actuate.endpoint.web.EndpointLinksResolver] EndpointLinksResolver.java:58 - Exposing 20 endpoint(s) beneath base path '/actuator'
2021-10-22 18:13:11,238 [main] INFO  [c.a.c.s.gateway.scg.SentinelSCGAutoConfiguration] SentinelSCGAutoConfiguration.java:134 - [Sentinel SpringCloudGateway] register SentinelGatewayBlockExceptionHandler
2021-10-22 18:13:11,515 [main] WARN  [o.s.c.l.c.LoadBalancerCacheAutoConfiguration$LoadBalancerCaffeineWarnLogger] LoadBalancerCacheAutoConfiguration.java:82 - Spring Cloud LoadBalancer is currently working with the default cache. You can switch to using Caffeine cache, by adding it and org.springframework.cache.caffeine.CaffeineCacheManager to the classpath.
2021-10-22 18:13:11,633 [main] INFO  [o.s.boot.web.embedded.netty.NettyWebServer] NettyWebServer.java:111 - Netty started on port 9999
2021-10-22 18:13:11,650 [main] INFO  [c.a.cloud.nacos.registry.NacosServiceRegistry] NacosServiceRegistry.java:75 - nacos registry, DEFAULT_GROUP sanyi-gateway 172.19.1.254:9999 register finished
2021-10-22 18:13:11,713 [main] INFO  [com.sanyicloud.sanyi.SanyiGatewayApplication] StartupInfoLogger.java:61 - Started SanyiGatewayApplication in 5.541 seconds (JVM running for 6.134)
2021-10-22 18:16:50,685 [SpringApplicationShutdownHook] INFO  [c.a.cloud.nacos.registry.NacosServiceRegistry] NacosServiceRegistry.java:90 - De-registering from Nacos Server now...
2021-10-22 18:16:50,690 [SpringApplicationShutdownHook] INFO  [c.a.cloud.nacos.registry.NacosServiceRegistry] NacosServiceRegistry.java:110 - De-registration finished.
2021-10-22 18:16:56,117 [SpringApplicationShutdownHook] WARN  [o.s.beans.factory.support.DisposableBeanAdapter] DisposableBeanAdapter.java:291 - Destroy method 'close' on bean with name 'nacosServiceRegistry' threw an exception: java.lang.NullPointerException
2021-10-22 18:17:08,221 [background-preinit] INFO  [org.hibernate.validator.internal.util.Version] Version.java:21 - HV000001: Hibernate Validator 6.2.0.Final
2021-10-22 18:17:08,821 [main] WARN  [c.a.cloud.nacos.client.NacosPropertySourceBuilder] NacosPropertySourceBuilder.java:87 - Ignore the empty nacos configuration and get it based on dataId[sanyi-gateway] & group[DEFAULT_GROUP]
2021-10-22 18:17:08,826 [main] WARN  [c.a.cloud.nacos.client.NacosPropertySourceBuilder] NacosPropertySourceBuilder.java:87 - Ignore the empty nacos configuration and get it based on dataId[sanyi-gateway.yml] & group[DEFAULT_GROUP]
2021-10-22 18:17:08,838 [main] INFO  [o.s.c.b.c.PropertySourceBootstrapConfiguration] PropertySourceBootstrapConfiguration.java:109 - Located property source: [BootstrapPropertySource {name='bootstrapProperties-sanyi-gateway-dev.yml,DEFAULT_GROUP'}, BootstrapPropertySource {name='bootstrapProperties-sanyi-gateway.yml,DEFAULT_GROUP'}, BootstrapPropertySource {name='bootstrapProperties-sanyi-gateway,DEFAULT_GROUP'}, BootstrapPropertySource {name='bootstrapProperties-application-dev.yml,DEFAULT_GROUP'}]
2021-10-22 18:17:08,845 [main] INFO  [com.sanyicloud.sanyi.SanyiGatewayApplication] SpringApplication.java:663 - The following profiles are active: dev
2021-10-22 18:17:09,743 [main] INFO  [o.s.d.r.config.RepositoryConfigurationDelegate] RepositoryConfigurationDelegate.java:262 - Multiple Spring Data modules found, entering strict repository configuration mode!
2021-10-22 18:17:09,746 [main] INFO  [o.s.d.r.config.RepositoryConfigurationDelegate] RepositoryConfigurationDelegate.java:132 - Bootstrapping Spring Data Redis repositories in DEFAULT mode.
2021-10-22 18:17:09,769 [main] INFO  [o.s.d.r.config.RepositoryConfigurationDelegate] RepositoryConfigurationDelegate.java:201 - Finished Spring Data repository scanning in 9 ms. Found 0 Redis repository interfaces.
2021-10-22 18:17:09,938 [main] INFO  [o.springframework.cloud.context.scope.GenericScope] GenericScope.java:283 - BeanFactory id=88ccf1e8-e761-3d85-9d82-606c81b04846
2021-10-22 18:17:10,237 [main] INFO  [o.s.c.s.PostProcessorRegistrationDelegate$BeanPostProcessorChecker] PostProcessorRegistrationDelegate.java:376 - Bean 'spring.cloud.sentinel-com.alibaba.cloud.sentinel.SentinelProperties' of type [com.alibaba.cloud.sentinel.SentinelProperties] is not eligible for getting processed by all BeanPostProcessors (for example: not eligible for auto-proxying)
2021-10-22 18:17:10,289 [main] INFO  [o.s.c.s.PostProcessorRegistrationDelegate$BeanPostProcessorChecker] PostProcessorRegistrationDelegate.java:376 - Bean 'com.alibaba.cloud.sentinel.custom.SentinelAutoConfiguration' of type [com.alibaba.cloud.sentinel.custom.SentinelAutoConfiguration] is not eligible for getting processed by all BeanPostProcessors (for example: not eligible for auto-proxying)
2021-10-22 18:17:10,296 [main] INFO  [o.s.c.s.PostProcessorRegistrationDelegate$BeanPostProcessorChecker] PostProcessorRegistrationDelegate.java:376 - Bean 'org.springframework.cloud.client.loadbalancer.reactive.LoadBalancerBeanPostProcessorAutoConfiguration' of type [org.springframework.cloud.client.loadbalancer.reactive.LoadBalancerBeanPostProcessorAutoConfiguration] is not eligible for getting processed by all BeanPostProcessors (for example: not eligible for auto-proxying)
2021-10-22 18:17:10,298 [main] INFO  [o.s.c.s.PostProcessorRegistrationDelegate$BeanPostProcessorChecker] PostProcessorRegistrationDelegate.java:376 - Bean 'org.springframework.cloud.client.loadbalancer.reactive.LoadBalancerBeanPostProcessorAutoConfiguration$ReactorDeferringLoadBalancerFilterConfig' of type [org.springframework.cloud.client.loadbalancer.reactive.LoadBalancerBeanPostProcessorAutoConfiguration$ReactorDeferringLoadBalancerFilterConfig] is not eligible for getting processed by all BeanPostProcessors (for example: not eligible for auto-proxying)
2021-10-22 18:17:10,299 [main] INFO  [o.s.c.s.PostProcessorRegistrationDelegate$BeanPostProcessorChecker] PostProcessorRegistrationDelegate.java:376 - Bean 'reactorDeferringLoadBalancerExchangeFilterFunction' of type [org.springframework.cloud.client.loadbalancer.reactive.DeferringLoadBalancerExchangeFilterFunction] is not eligible for getting processed by all BeanPostProcessors (for example: not eligible for auto-proxying)
2021-10-22 18:17:23,827 [main] INFO  [org.redisson.Version] Version.java:41 - Redisson 3.16.3
2021-10-22 18:17:24,199 [redisson-netty-3-13] INFO  [o.r.connection.pool.MasterPubSubConnectionPool] ConnectionPool.java:166 - 1 connections initialized for 172.19.1.251/172.19.1.251:6379
2021-10-22 18:17:24,231 [redisson-netty-3-3] INFO  [org.redisson.connection.pool.MasterConnectionPool] ConnectionPool.java:166 - 32 connections initialized for 172.19.1.251/172.19.1.251:6379
2021-10-22 18:17:24,787 [main] INFO  [c.a.c.s.gateway.scg.SentinelSCGAutoConfiguration] SentinelSCGAutoConfiguration.java:144 - [Sentinel SpringCloudGateway] register SentinelGatewayFilter with order: -2147483648
2021-10-22 18:17:24,866 [main] INFO  [o.s.c.gateway.route.RouteDefinitionRouteLocator] RouteDefinitionRouteLocator.java:88 - Loaded RoutePredicateFactory [After]
2021-10-22 18:17:24,866 [main] INFO  [o.s.c.gateway.route.RouteDefinitionRouteLocator] RouteDefinitionRouteLocator.java:88 - Loaded RoutePredicateFactory [Before]
2021-10-22 18:17:24,866 [main] INFO  [o.s.c.gateway.route.RouteDefinitionRouteLocator] RouteDefinitionRouteLocator.java:88 - Loaded RoutePredicateFactory [Between]
2021-10-22 18:17:24,867 [main] INFO  [o.s.c.gateway.route.RouteDefinitionRouteLocator] RouteDefinitionRouteLocator.java:88 - Loaded RoutePredicateFactory [Cookie]
2021-10-22 18:17:24,867 [main] INFO  [o.s.c.gateway.route.RouteDefinitionRouteLocator] RouteDefinitionRouteLocator.java:88 - Loaded RoutePredicateFactory [Header]
2021-10-22 18:17:24,867 [main] INFO  [o.s.c.gateway.route.RouteDefinitionRouteLocator] RouteDefinitionRouteLocator.java:88 - Loaded RoutePredicateFactory [Host]
2021-10-22 18:17:24,867 [main] INFO  [o.s.c.gateway.route.RouteDefinitionRouteLocator] RouteDefinitionRouteLocator.java:88 - Loaded RoutePredicateFactory [Method]
2021-10-22 18:17:24,868 [main] INFO  [o.s.c.gateway.route.RouteDefinitionRouteLocator] RouteDefinitionRouteLocator.java:88 - Loaded RoutePredicateFactory [Path]
2021-10-22 18:17:24,868 [main] INFO  [o.s.c.gateway.route.RouteDefinitionRouteLocator] RouteDefinitionRouteLocator.java:88 - Loaded RoutePredicateFactory [Query]
2021-10-22 18:17:24,868 [main] INFO  [o.s.c.gateway.route.RouteDefinitionRouteLocator] RouteDefinitionRouteLocator.java:88 - Loaded RoutePredicateFactory [ReadBody]
2021-10-22 18:17:24,868 [main] INFO  [o.s.c.gateway.route.RouteDefinitionRouteLocator] RouteDefinitionRouteLocator.java:88 - Loaded RoutePredicateFactory [RemoteAddr]
2021-10-22 18:17:24,868 [main] INFO  [o.s.c.gateway.route.RouteDefinitionRouteLocator] RouteDefinitionRouteLocator.java:88 - Loaded RoutePredicateFactory [Weight]
2021-10-22 18:17:24,869 [main] INFO  [o.s.c.gateway.route.RouteDefinitionRouteLocator] RouteDefinitionRouteLocator.java:88 - Loaded RoutePredicateFactory [CloudFoundryRouteService]
2021-10-22 18:17:25,183 [main] INFO  [o.s.b.actuate.endpoint.web.EndpointLinksResolver] EndpointLinksResolver.java:58 - Exposing 20 endpoint(s) beneath base path '/actuator'
2021-10-22 18:17:25,267 [main] INFO  [c.a.c.s.gateway.scg.SentinelSCGAutoConfiguration] SentinelSCGAutoConfiguration.java:134 - [Sentinel SpringCloudGateway] register SentinelGatewayBlockExceptionHandler
2021-10-22 18:17:25,508 [main] WARN  [o.s.c.l.c.LoadBalancerCacheAutoConfiguration$LoadBalancerCaffeineWarnLogger] LoadBalancerCacheAutoConfiguration.java:82 - Spring Cloud LoadBalancer is currently working with the default cache. You can switch to using Caffeine cache, by adding it and org.springframework.cache.caffeine.CaffeineCacheManager to the classpath.
2021-10-22 18:17:25,633 [main] INFO  [o.s.boot.web.embedded.netty.NettyWebServer] NettyWebServer.java:111 - Netty started on port 9999
2021-10-22 18:17:25,655 [main] INFO  [c.a.cloud.nacos.registry.NacosServiceRegistry] NacosServiceRegistry.java:75 - nacos registry, DEFAULT_GROUP sanyi-gateway 172.19.1.254:9999 register finished
2021-10-22 18:17:26,001 [main] INFO  [com.sanyicloud.sanyi.SanyiGatewayApplication] StartupInfoLogger.java:61 - Started SanyiGatewayApplication in 18.529 seconds (JVM running for 19.362)
2021-10-22 18:21:11,939 [SpringApplicationShutdownHook] INFO  [c.a.cloud.nacos.registry.NacosServiceRegistry] NacosServiceRegistry.java:90 - De-registering from Nacos Server now...
2021-10-22 18:21:11,949 [SpringApplicationShutdownHook] INFO  [c.a.cloud.nacos.registry.NacosServiceRegistry] NacosServiceRegistry.java:110 - De-registration finished.
2021-10-22 18:21:20,000 [SpringApplicationShutdownHook] WARN  [o.s.beans.factory.support.DisposableBeanAdapter] DisposableBeanAdapter.java:291 - Destroy method 'close' on bean with name 'nacosServiceRegistry' threw an exception: java.lang.NullPointerException
2021-10-22 18:21:31,055 [background-preinit] INFO  [org.hibernate.validator.internal.util.Version] Version.java:21 - HV000001: Hibernate Validator 6.2.0.Final
2021-10-22 18:21:31,603 [main] WARN  [c.a.cloud.nacos.client.NacosPropertySourceBuilder] NacosPropertySourceBuilder.java:87 - Ignore the empty nacos configuration and get it based on dataId[sanyi-gateway] & group[DEFAULT_GROUP]
2021-10-22 18:21:31,608 [main] WARN  [c.a.cloud.nacos.client.NacosPropertySourceBuilder] NacosPropertySourceBuilder.java:87 - Ignore the empty nacos configuration and get it based on dataId[sanyi-gateway.yml] & group[DEFAULT_GROUP]
2021-10-22 18:21:31,623 [main] INFO  [o.s.c.b.c.PropertySourceBootstrapConfiguration] PropertySourceBootstrapConfiguration.java:109 - Located property source: [BootstrapPropertySource {name='bootstrapProperties-sanyi-gateway-dev.yml,DEFAULT_GROUP'}, BootstrapPropertySource {name='bootstrapProperties-sanyi-gateway.yml,DEFAULT_GROUP'}, BootstrapPropertySource {name='bootstrapProperties-sanyi-gateway,DEFAULT_GROUP'}, BootstrapPropertySource {name='bootstrapProperties-application-dev.yml,DEFAULT_GROUP'}]
2021-10-22 18:21:31,630 [main] INFO  [com.sanyicloud.sanyi.SanyiGatewayApplication] SpringApplication.java:663 - The following profiles are active: dev
2021-10-22 18:21:32,448 [main] INFO  [o.s.d.r.config.RepositoryConfigurationDelegate] RepositoryConfigurationDelegate.java:262 - Multiple Spring Data modules found, entering strict repository configuration mode!
2021-10-22 18:21:32,451 [main] INFO  [o.s.d.r.config.RepositoryConfigurationDelegate] RepositoryConfigurationDelegate.java:132 - Bootstrapping Spring Data Redis repositories in DEFAULT mode.
2021-10-22 18:21:32,472 [main] INFO  [o.s.d.r.config.RepositoryConfigurationDelegate] RepositoryConfigurationDelegate.java:201 - Finished Spring Data repository scanning in 9 ms. Found 0 Redis repository interfaces.
2021-10-22 18:21:32,636 [main] INFO  [o.springframework.cloud.context.scope.GenericScope] GenericScope.java:283 - BeanFactory id=88ccf1e8-e761-3d85-9d82-606c81b04846
2021-10-22 18:21:32,937 [main] INFO  [o.s.c.s.PostProcessorRegistrationDelegate$BeanPostProcessorChecker] PostProcessorRegistrationDelegate.java:376 - Bean 'spring.cloud.sentinel-com.alibaba.cloud.sentinel.SentinelProperties' of type [com.alibaba.cloud.sentinel.SentinelProperties] is not eligible for getting processed by all BeanPostProcessors (for example: not eligible for auto-proxying)
2021-10-22 18:21:32,999 [main] INFO  [o.s.c.s.PostProcessorRegistrationDelegate$BeanPostProcessorChecker] PostProcessorRegistrationDelegate.java:376 - Bean 'com.alibaba.cloud.sentinel.custom.SentinelAutoConfiguration' of type [com.alibaba.cloud.sentinel.custom.SentinelAutoConfiguration] is not eligible for getting processed by all BeanPostProcessors (for example: not eligible for auto-proxying)
2021-10-22 18:21:33,008 [main] INFO  [o.s.c.s.PostProcessorRegistrationDelegate$BeanPostProcessorChecker] PostProcessorRegistrationDelegate.java:376 - Bean 'org.springframework.cloud.client.loadbalancer.reactive.LoadBalancerBeanPostProcessorAutoConfiguration' of type [org.springframework.cloud.client.loadbalancer.reactive.LoadBalancerBeanPostProcessorAutoConfiguration] is not eligible for getting processed by all BeanPostProcessors (for example: not eligible for auto-proxying)
2021-10-22 18:21:33,009 [main] INFO  [o.s.c.s.PostProcessorRegistrationDelegate$BeanPostProcessorChecker] PostProcessorRegistrationDelegate.java:376 - Bean 'org.springframework.cloud.client.loadbalancer.reactive.LoadBalancerBeanPostProcessorAutoConfiguration$ReactorDeferringLoadBalancerFilterConfig' of type [org.springframework.cloud.client.loadbalancer.reactive.LoadBalancerBeanPostProcessorAutoConfiguration$ReactorDeferringLoadBalancerFilterConfig] is not eligible for getting processed by all BeanPostProcessors (for example: not eligible for auto-proxying)
2021-10-22 18:21:33,011 [main] INFO  [o.s.c.s.PostProcessorRegistrationDelegate$BeanPostProcessorChecker] PostProcessorRegistrationDelegate.java:376 - Bean 'reactorDeferringLoadBalancerExchangeFilterFunction' of type [org.springframework.cloud.client.loadbalancer.reactive.DeferringLoadBalancerExchangeFilterFunction] is not eligible for getting processed by all BeanPostProcessors (for example: not eligible for auto-proxying)
2021-10-22 18:22:06,458 [main] INFO  [org.redisson.Version] Version.java:41 - Redisson 3.16.3
2021-10-22 18:22:06,834 [redisson-netty-3-4] INFO  [o.r.connection.pool.MasterPubSubConnectionPool] ConnectionPool.java:166 - 1 connections initialized for 172.19.1.251/172.19.1.251:6379
2021-10-22 18:22:06,955 [redisson-netty-3-3] INFO  [org.redisson.connection.pool.MasterConnectionPool] ConnectionPool.java:166 - 32 connections initialized for 172.19.1.251/172.19.1.251:6379
2021-10-22 18:22:07,502 [main] INFO  [c.a.c.s.gateway.scg.SentinelSCGAutoConfiguration] SentinelSCGAutoConfiguration.java:144 - [Sentinel SpringCloudGateway] register SentinelGatewayFilter with order: -2147483648
2021-10-22 18:22:07,590 [main] INFO  [o.s.c.gateway.route.RouteDefinitionRouteLocator] RouteDefinitionRouteLocator.java:88 - Loaded RoutePredicateFactory [After]
2021-10-22 18:22:07,591 [main] INFO  [o.s.c.gateway.route.RouteDefinitionRouteLocator] RouteDefinitionRouteLocator.java:88 - Loaded RoutePredicateFactory [Before]
2021-10-22 18:22:07,591 [main] INFO  [o.s.c.gateway.route.RouteDefinitionRouteLocator] RouteDefinitionRouteLocator.java:88 - Loaded RoutePredicateFactory [Between]
2021-10-22 18:22:07,591 [main] INFO  [o.s.c.gateway.route.RouteDefinitionRouteLocator] RouteDefinitionRouteLocator.java:88 - Loaded RoutePredicateFactory [Cookie]
2021-10-22 18:22:07,591 [main] INFO  [o.s.c.gateway.route.RouteDefinitionRouteLocator] RouteDefinitionRouteLocator.java:88 - Loaded RoutePredicateFactory [Header]
2021-10-22 18:22:07,591 [main] INFO  [o.s.c.gateway.route.RouteDefinitionRouteLocator] RouteDefinitionRouteLocator.java:88 - Loaded RoutePredicateFactory [Host]
2021-10-22 18:22:07,592 [main] INFO  [o.s.c.gateway.route.RouteDefinitionRouteLocator] RouteDefinitionRouteLocator.java:88 - Loaded RoutePredicateFactory [Method]
2021-10-22 18:22:07,592 [main] INFO  [o.s.c.gateway.route.RouteDefinitionRouteLocator] RouteDefinitionRouteLocator.java:88 - Loaded RoutePredicateFactory [Path]
2021-10-22 18:22:07,592 [main] INFO  [o.s.c.gateway.route.RouteDefinitionRouteLocator] RouteDefinitionRouteLocator.java:88 - Loaded RoutePredicateFactory [Query]
2021-10-22 18:22:07,592 [main] INFO  [o.s.c.gateway.route.RouteDefinitionRouteLocator] RouteDefinitionRouteLocator.java:88 - Loaded RoutePredicateFactory [ReadBody]
2021-10-22 18:22:07,592 [main] INFO  [o.s.c.gateway.route.RouteDefinitionRouteLocator] RouteDefinitionRouteLocator.java:88 - Loaded RoutePredicateFactory [RemoteAddr]
2021-10-22 18:22:07,592 [main] INFO  [o.s.c.gateway.route.RouteDefinitionRouteLocator] RouteDefinitionRouteLocator.java:88 - Loaded RoutePredicateFactory [Weight]
2021-10-22 18:22:07,593 [main] INFO  [o.s.c.gateway.route.RouteDefinitionRouteLocator] RouteDefinitionRouteLocator.java:88 - Loaded RoutePredicateFactory [CloudFoundryRouteService]
2021-10-22 18:22:07,932 [main] INFO  [o.s.b.actuate.endpoint.web.EndpointLinksResolver] EndpointLinksResolver.java:58 - Exposing 20 endpoint(s) beneath base path '/actuator'
2021-10-22 18:22:08,041 [main] INFO  [c.a.c.s.gateway.scg.SentinelSCGAutoConfiguration] SentinelSCGAutoConfiguration.java:134 - [Sentinel SpringCloudGateway] register SentinelGatewayBlockExceptionHandler
2021-10-22 18:22:08,287 [main] WARN  [o.s.c.l.c.LoadBalancerCacheAutoConfiguration$LoadBalancerCaffeineWarnLogger] LoadBalancerCacheAutoConfiguration.java:82 - Spring Cloud LoadBalancer is currently working with the default cache. You can switch to using Caffeine cache, by adding it and org.springframework.cache.caffeine.CaffeineCacheManager to the classpath.
2021-10-22 18:22:08,400 [main] INFO  [o.s.boot.web.embedded.netty.NettyWebServer] NettyWebServer.java:111 - Netty started on port 9999
2021-10-22 18:22:08,419 [main] INFO  [c.a.cloud.nacos.registry.NacosServiceRegistry] NacosServiceRegistry.java:75 - nacos registry, DEFAULT_GROUP sanyi-gateway 172.19.1.254:9999 register finished
2021-10-22 18:22:08,833 [main] INFO  [com.sanyicloud.sanyi.SanyiGatewayApplication] StartupInfoLogger.java:61 - Started SanyiGatewayApplication in 38.354 seconds (JVM running for 38.952)
2021-10-22 18:25:18,181 [SpringApplicationShutdownHook] INFO  [c.a.cloud.nacos.registry.NacosServiceRegistry] NacosServiceRegistry.java:90 - De-registering from Nacos Server now...
2021-10-22 18:25:18,192 [SpringApplicationShutdownHook] INFO  [c.a.cloud.nacos.registry.NacosServiceRegistry] NacosServiceRegistry.java:110 - De-registration finished.
2021-10-22 18:25:22,673 [SpringApplicationShutdownHook] WARN  [o.s.beans.factory.support.DisposableBeanAdapter] DisposableBeanAdapter.java:291 - Destroy method 'close' on bean with name 'nacosServiceRegistry' threw an exception: java.lang.NullPointerException
2021-10-22 18:25:34,577 [background-preinit] INFO  [org.hibernate.validator.internal.util.Version] Version.java:21 - HV000001: Hibernate Validator 6.2.0.Final
2021-10-22 18:25:35,166 [main] WARN  [c.a.cloud.nacos.client.NacosPropertySourceBuilder] NacosPropertySourceBuilder.java:87 - Ignore the empty nacos configuration and get it based on dataId[sanyi-gateway] & group[DEFAULT_GROUP]
2021-10-22 18:25:35,171 [main] WARN  [c.a.cloud.nacos.client.NacosPropertySourceBuilder] NacosPropertySourceBuilder.java:87 - Ignore the empty nacos configuration and get it based on dataId[sanyi-gateway.yml] & group[DEFAULT_GROUP]
2021-10-22 18:25:35,180 [main] INFO  [o.s.c.b.c.PropertySourceBootstrapConfiguration] PropertySourceBootstrapConfiguration.java:109 - Located property source: [BootstrapPropertySource {name='bootstrapProperties-sanyi-gateway-dev.yml,DEFAULT_GROUP'}, BootstrapPropertySource {name='bootstrapProperties-sanyi-gateway.yml,DEFAULT_GROUP'}, BootstrapPropertySource {name='bootstrapProperties-sanyi-gateway,DEFAULT_GROUP'}, BootstrapPropertySource {name='bootstrapProperties-application-dev.yml,DEFAULT_GROUP'}]
2021-10-22 18:25:35,186 [main] INFO  [com.sanyicloud.sanyi.SanyiGatewayApplication] SpringApplication.java:663 - The following profiles are active: dev
2021-10-22 18:25:36,121 [main] INFO  [o.s.d.r.config.RepositoryConfigurationDelegate] RepositoryConfigurationDelegate.java:262 - Multiple Spring Data modules found, entering strict repository configuration mode!
2021-10-22 18:25:36,123 [main] INFO  [o.s.d.r.config.RepositoryConfigurationDelegate] RepositoryConfigurationDelegate.java:132 - Bootstrapping Spring Data Redis repositories in DEFAULT mode.
2021-10-22 18:25:36,154 [main] INFO  [o.s.d.r.config.RepositoryConfigurationDelegate] RepositoryConfigurationDelegate.java:201 - Finished Spring Data repository scanning in 15 ms. Found 0 Redis repository interfaces.
2021-10-22 18:25:36,372 [main] INFO  [o.springframework.cloud.context.scope.GenericScope] GenericScope.java:283 - BeanFactory id=563b3ef6-8670-3f6b-b265-c629bf93aa43
2021-10-22 18:25:36,731 [main] INFO  [o.s.c.s.PostProcessorRegistrationDelegate$BeanPostProcessorChecker] PostProcessorRegistrationDelegate.java:376 - Bean 'spring.cloud.sentinel-com.alibaba.cloud.sentinel.SentinelProperties' of type [com.alibaba.cloud.sentinel.SentinelProperties] is not eligible for getting processed by all BeanPostProcessors (for example: not eligible for auto-proxying)
2021-10-22 18:25:36,797 [main] INFO  [o.s.c.s.PostProcessorRegistrationDelegate$BeanPostProcessorChecker] PostProcessorRegistrationDelegate.java:376 - Bean 'com.alibaba.cloud.sentinel.custom.SentinelAutoConfiguration' of type [com.alibaba.cloud.sentinel.custom.SentinelAutoConfiguration] is not eligible for getting processed by all BeanPostProcessors (for example: not eligible for auto-proxying)
2021-10-22 18:25:36,805 [main] INFO  [o.s.c.s.PostProcessorRegistrationDelegate$BeanPostProcessorChecker] PostProcessorRegistrationDelegate.java:376 - Bean 'org.springframework.cloud.client.loadbalancer.reactive.LoadBalancerBeanPostProcessorAutoConfiguration' of type [org.springframework.cloud.client.loadbalancer.reactive.LoadBalancerBeanPostProcessorAutoConfiguration] is not eligible for getting processed by all BeanPostProcessors (for example: not eligible for auto-proxying)
2021-10-22 18:25:36,807 [main] INFO  [o.s.c.s.PostProcessorRegistrationDelegate$BeanPostProcessorChecker] PostProcessorRegistrationDelegate.java:376 - Bean 'org.springframework.cloud.client.loadbalancer.reactive.LoadBalancerBeanPostProcessorAutoConfiguration$ReactorDeferringLoadBalancerFilterConfig' of type [org.springframework.cloud.client.loadbalancer.reactive.LoadBalancerBeanPostProcessorAutoConfiguration$ReactorDeferringLoadBalancerFilterConfig] is not eligible for getting processed by all BeanPostProcessors (for example: not eligible for auto-proxying)
2021-10-22 18:25:36,808 [main] INFO  [o.s.c.s.PostProcessorRegistrationDelegate$BeanPostProcessorChecker] PostProcessorRegistrationDelegate.java:376 - Bean 'reactorDeferringLoadBalancerExchangeFilterFunction' of type [org.springframework.cloud.client.loadbalancer.reactive.DeferringLoadBalancerExchangeFilterFunction] is not eligible for getting processed by all BeanPostProcessors (for example: not eligible for auto-proxying)
2021-10-22 18:25:37,468 [main] INFO  [org.redisson.Version] Version.java:41 - Redisson 3.16.3
2021-10-22 18:25:37,840 [redisson-netty-3-14] INFO  [o.r.connection.pool.MasterPubSubConnectionPool] ConnectionPool.java:166 - 1 connections initialized for 172.19.1.251/172.19.1.251:6379
2021-10-22 18:25:37,880 [redisson-netty-3-16] INFO  [org.redisson.connection.pool.MasterConnectionPool] ConnectionPool.java:166 - 32 connections initialized for 172.19.1.251/172.19.1.251:6379
2021-10-22 18:25:38,451 [main] INFO  [c.a.c.s.gateway.scg.SentinelSCGAutoConfiguration] SentinelSCGAutoConfiguration.java:144 - [Sentinel SpringCloudGateway] register SentinelGatewayFilter with order: -2147483648
2021-10-22 18:25:38,520 [main] INFO  [o.s.c.gateway.route.RouteDefinitionRouteLocator] RouteDefinitionRouteLocator.java:88 - Loaded RoutePredicateFactory [After]
2021-10-22 18:25:38,520 [main] INFO  [o.s.c.gateway.route.RouteDefinitionRouteLocator] RouteDefinitionRouteLocator.java:88 - Loaded RoutePredicateFactory [Before]
2021-10-22 18:25:38,521 [main] INFO  [o.s.c.gateway.route.RouteDefinitionRouteLocator] RouteDefinitionRouteLocator.java:88 - Loaded RoutePredicateFactory [Between]
2021-10-22 18:25:38,521 [main] INFO  [o.s.c.gateway.route.RouteDefinitionRouteLocator] RouteDefinitionRouteLocator.java:88 - Loaded RoutePredicateFactory [Cookie]
2021-10-22 18:25:38,521 [main] INFO  [o.s.c.gateway.route.RouteDefinitionRouteLocator] RouteDefinitionRouteLocator.java:88 - Loaded RoutePredicateFactory [Header]
2021-10-22 18:25:38,521 [main] INFO  [o.s.c.gateway.route.RouteDefinitionRouteLocator] RouteDefinitionRouteLocator.java:88 - Loaded RoutePredicateFactory [Host]
2021-10-22 18:25:38,521 [main] INFO  [o.s.c.gateway.route.RouteDefinitionRouteLocator] RouteDefinitionRouteLocator.java:88 - Loaded RoutePredicateFactory [Method]
2021-10-22 18:25:38,521 [main] INFO  [o.s.c.gateway.route.RouteDefinitionRouteLocator] RouteDefinitionRouteLocator.java:88 - Loaded RoutePredicateFactory [Path]
2021-10-22 18:25:38,522 [main] INFO  [o.s.c.gateway.route.RouteDefinitionRouteLocator] RouteDefinitionRouteLocator.java:88 - Loaded RoutePredicateFactory [Query]
2021-10-22 18:25:38,522 [main] INFO  [o.s.c.gateway.route.RouteDefinitionRouteLocator] RouteDefinitionRouteLocator.java:88 - Loaded RoutePredicateFactory [ReadBody]
2021-10-22 18:25:38,522 [main] INFO  [o.s.c.gateway.route.RouteDefinitionRouteLocator] RouteDefinitionRouteLocator.java:88 - Loaded RoutePredicateFactory [RemoteAddr]
2021-10-22 18:25:38,522 [main] INFO  [o.s.c.gateway.route.RouteDefinitionRouteLocator] RouteDefinitionRouteLocator.java:88 - Loaded RoutePredicateFactory [Weight]
2021-10-22 18:25:38,522 [main] INFO  [o.s.c.gateway.route.RouteDefinitionRouteLocator] RouteDefinitionRouteLocator.java:88 - Loaded RoutePredicateFactory [CloudFoundryRouteService]
2021-10-22 18:25:38,830 [main] INFO  [o.s.b.actuate.endpoint.web.EndpointLinksResolver] EndpointLinksResolver.java:58 - Exposing 20 endpoint(s) beneath base path '/actuator'
2021-10-22 18:25:38,939 [main] INFO  [c.a.c.s.gateway.scg.SentinelSCGAutoConfiguration] SentinelSCGAutoConfiguration.java:134 - [Sentinel SpringCloudGateway] register SentinelGatewayBlockExceptionHandler
2021-10-22 18:25:39,181 [main] WARN  [o.s.c.l.c.LoadBalancerCacheAutoConfiguration$LoadBalancerCaffeineWarnLogger] LoadBalancerCacheAutoConfiguration.java:82 - Spring Cloud LoadBalancer is currently working with the default cache. You can switch to using Caffeine cache, by adding it and org.springframework.cache.caffeine.CaffeineCacheManager to the classpath.
2021-10-22 18:25:39,309 [main] INFO  [o.s.boot.web.embedded.netty.NettyWebServer] NettyWebServer.java:111 - Netty started on port 9999
2021-10-22 18:25:39,326 [main] INFO  [c.a.cloud.nacos.registry.NacosServiceRegistry] NacosServiceRegistry.java:75 - nacos registry, DEFAULT_GROUP sanyi-gateway 172.19.1.254:9999 register finished
2021-10-22 18:25:39,356 [main] INFO  [com.sanyicloud.sanyi.SanyiGatewayApplication] StartupInfoLogger.java:61 - Started SanyiGatewayApplication in 5.617 seconds (JVM running for 6.496)
2021-10-22 18:32:09,241 [SpringApplicationShutdownHook] INFO  [c.a.cloud.nacos.registry.NacosServiceRegistry] NacosServiceRegistry.java:90 - De-registering from Nacos Server now...
2021-10-22 18:32:09,246 [SpringApplicationShutdownHook] INFO  [c.a.cloud.nacos.registry.NacosServiceRegistry] NacosServiceRegistry.java:110 - De-registration finished.
2021-10-22 18:32:13,972 [SpringApplicationShutdownHook] WARN  [o.s.beans.factory.support.DisposableBeanAdapter] DisposableBeanAdapter.java:291 - Destroy method 'close' on bean with name 'nacosServiceRegistry' threw an exception: java.lang.NullPointerException
2021-10-22 18:32:25,746 [background-preinit] INFO  [org.hibernate.validator.internal.util.Version] Version.java:21 - HV000001: Hibernate Validator 6.2.0.Final
2021-10-22 18:32:26,389 [main] WARN  [c.a.cloud.nacos.client.NacosPropertySourceBuilder] NacosPropertySourceBuilder.java:87 - Ignore the empty nacos configuration and get it based on dataId[sanyi-gateway] & group[DEFAULT_GROUP]
2021-10-22 18:32:26,396 [main] WARN  [c.a.cloud.nacos.client.NacosPropertySourceBuilder] NacosPropertySourceBuilder.java:87 - Ignore the empty nacos configuration and get it based on dataId[sanyi-gateway.yml] & group[DEFAULT_GROUP]
2021-10-22 18:32:26,406 [main] INFO  [o.s.c.b.c.PropertySourceBootstrapConfiguration] PropertySourceBootstrapConfiguration.java:109 - Located property source: [BootstrapPropertySource {name='bootstrapProperties-sanyi-gateway-dev.yml,DEFAULT_GROUP'}, BootstrapPropertySource {name='bootstrapProperties-sanyi-gateway.yml,DEFAULT_GROUP'}, BootstrapPropertySource {name='bootstrapProperties-sanyi-gateway,DEFAULT_GROUP'}, BootstrapPropertySource {name='bootstrapProperties-application-dev.yml,DEFAULT_GROUP'}]
2021-10-22 18:32:26,411 [main] INFO  [com.sanyicloud.sanyi.SanyiGatewayApplication] SpringApplication.java:663 - The following profiles are active: dev
2021-10-22 18:32:27,256 [main] INFO  [o.s.d.r.config.RepositoryConfigurationDelegate] RepositoryConfigurationDelegate.java:262 - Multiple Spring Data modules found, entering strict repository configuration mode!
2021-10-22 18:32:27,258 [main] INFO  [o.s.d.r.config.RepositoryConfigurationDelegate] RepositoryConfigurationDelegate.java:132 - Bootstrapping Spring Data Redis repositories in DEFAULT mode.
2021-10-22 18:32:27,285 [main] INFO  [o.s.d.r.config.RepositoryConfigurationDelegate] RepositoryConfigurationDelegate.java:201 - Finished Spring Data repository scanning in 12 ms. Found 0 Redis repository interfaces.
2021-10-22 18:32:27,438 [main] INFO  [o.springframework.cloud.context.scope.GenericScope] GenericScope.java:283 - BeanFactory id=c615b6a9-61e6-3702-8341-c9ac9ad7e50c
2021-10-22 18:32:27,746 [main] INFO  [o.s.c.s.PostProcessorRegistrationDelegate$BeanPostProcessorChecker] PostProcessorRegistrationDelegate.java:376 - Bean 'spring.cloud.sentinel-com.alibaba.cloud.sentinel.SentinelProperties' of type [com.alibaba.cloud.sentinel.SentinelProperties] is not eligible for getting processed by all BeanPostProcessors (for example: not eligible for auto-proxying)
2021-10-22 18:32:27,802 [main] INFO  [o.s.c.s.PostProcessorRegistrationDelegate$BeanPostProcessorChecker] PostProcessorRegistrationDelegate.java:376 - Bean 'com.alibaba.cloud.sentinel.custom.SentinelAutoConfiguration' of type [com.alibaba.cloud.sentinel.custom.SentinelAutoConfiguration] is not eligible for getting processed by all BeanPostProcessors (for example: not eligible for auto-proxying)
2021-10-22 18:32:27,809 [main] INFO  [o.s.c.s.PostProcessorRegistrationDelegate$BeanPostProcessorChecker] PostProcessorRegistrationDelegate.java:376 - Bean 'org.springframework.cloud.client.loadbalancer.reactive.LoadBalancerBeanPostProcessorAutoConfiguration' of type [org.springframework.cloud.client.loadbalancer.reactive.LoadBalancerBeanPostProcessorAutoConfiguration] is not eligible for getting processed by all BeanPostProcessors (for example: not eligible for auto-proxying)
2021-10-22 18:32:27,811 [main] INFO  [o.s.c.s.PostProcessorRegistrationDelegate$BeanPostProcessorChecker] PostProcessorRegistrationDelegate.java:376 - Bean 'org.springframework.cloud.client.loadbalancer.reactive.LoadBalancerBeanPostProcessorAutoConfiguration$ReactorDeferringLoadBalancerFilterConfig' of type [org.springframework.cloud.client.loadbalancer.reactive.LoadBalancerBeanPostProcessorAutoConfiguration$ReactorDeferringLoadBalancerFilterConfig] is not eligible for getting processed by all BeanPostProcessors (for example: not eligible for auto-proxying)
2021-10-22 18:32:27,813 [main] INFO  [o.s.c.s.PostProcessorRegistrationDelegate$BeanPostProcessorChecker] PostProcessorRegistrationDelegate.java:376 - Bean 'reactorDeferringLoadBalancerExchangeFilterFunction' of type [org.springframework.cloud.client.loadbalancer.reactive.DeferringLoadBalancerExchangeFilterFunction] is not eligible for getting processed by all BeanPostProcessors (for example: not eligible for auto-proxying)
2021-10-22 18:32:27,925 [main] INFO  [com.sanyicloud.sanyi.gateway.filter.LoggingFilter] LoggingFilter.java:23 - Loaded GlobalFilter [Logging]
2021-10-22 18:32:28,489 [main] INFO  [org.redisson.Version] Version.java:41 - Redisson 3.16.3
2021-10-22 18:32:28,882 [redisson-netty-3-7] INFO  [o.r.connection.pool.MasterPubSubConnectionPool] ConnectionPool.java:166 - 1 connections initialized for 172.19.1.251/172.19.1.251:6379
2021-10-22 18:32:28,910 [redisson-netty-3-2] INFO  [org.redisson.connection.pool.MasterConnectionPool] ConnectionPool.java:166 - 32 connections initialized for 172.19.1.251/172.19.1.251:6379
2021-10-22 18:32:29,446 [main] INFO  [c.a.c.s.gateway.scg.SentinelSCGAutoConfiguration] SentinelSCGAutoConfiguration.java:144 - [Sentinel SpringCloudGateway] register SentinelGatewayFilter with order: -2147483648
2021-10-22 18:32:29,532 [main] INFO  [o.s.c.gateway.route.RouteDefinitionRouteLocator] RouteDefinitionRouteLocator.java:88 - Loaded RoutePredicateFactory [After]
2021-10-22 18:32:29,533 [main] INFO  [o.s.c.gateway.route.RouteDefinitionRouteLocator] RouteDefinitionRouteLocator.java:88 - Loaded RoutePredicateFactory [Before]
2021-10-22 18:32:29,533 [main] INFO  [o.s.c.gateway.route.RouteDefinitionRouteLocator] RouteDefinitionRouteLocator.java:88 - Loaded RoutePredicateFactory [Between]
2021-10-22 18:32:29,533 [main] INFO  [o.s.c.gateway.route.RouteDefinitionRouteLocator] RouteDefinitionRouteLocator.java:88 - Loaded RoutePredicateFactory [Cookie]
2021-10-22 18:32:29,533 [main] INFO  [o.s.c.gateway.route.RouteDefinitionRouteLocator] RouteDefinitionRouteLocator.java:88 - Loaded RoutePredicateFactory [Header]
2021-10-22 18:32:29,533 [main] INFO  [o.s.c.gateway.route.RouteDefinitionRouteLocator] RouteDefinitionRouteLocator.java:88 - Loaded RoutePredicateFactory [Host]
2021-10-22 18:32:29,534 [main] INFO  [o.s.c.gateway.route.RouteDefinitionRouteLocator] RouteDefinitionRouteLocator.java:88 - Loaded RoutePredicateFactory [Method]
2021-10-22 18:32:29,534 [main] INFO  [o.s.c.gateway.route.RouteDefinitionRouteLocator] RouteDefinitionRouteLocator.java:88 - Loaded RoutePredicateFactory [Path]
2021-10-22 18:32:29,534 [main] INFO  [o.s.c.gateway.route.RouteDefinitionRouteLocator] RouteDefinitionRouteLocator.java:88 - Loaded RoutePredicateFactory [Query]
2021-10-22 18:32:29,534 [main] INFO  [o.s.c.gateway.route.RouteDefinitionRouteLocator] RouteDefinitionRouteLocator.java:88 - Loaded RoutePredicateFactory [ReadBody]
2021-10-22 18:32:29,534 [main] INFO  [o.s.c.gateway.route.RouteDefinitionRouteLocator] RouteDefinitionRouteLocator.java:88 - Loaded RoutePredicateFactory [RemoteAddr]
2021-10-22 18:32:29,534 [main] INFO  [o.s.c.gateway.route.RouteDefinitionRouteLocator] RouteDefinitionRouteLocator.java:88 - Loaded RoutePredicateFactory [Weight]
2021-10-22 18:32:29,535 [main] INFO  [o.s.c.gateway.route.RouteDefinitionRouteLocator] RouteDefinitionRouteLocator.java:88 - Loaded RoutePredicateFactory [CloudFoundryRouteService]
2021-10-22 18:32:29,878 [main] INFO  [o.s.b.actuate.endpoint.web.EndpointLinksResolver] EndpointLinksResolver.java:58 - Exposing 20 endpoint(s) beneath base path '/actuator'
2021-10-22 18:32:29,964 [main] INFO  [c.a.c.s.gateway.scg.SentinelSCGAutoConfiguration] SentinelSCGAutoConfiguration.java:134 - [Sentinel SpringCloudGateway] register SentinelGatewayBlockExceptionHandler
2021-10-22 18:32:30,178 [main] WARN  [o.s.c.l.c.LoadBalancerCacheAutoConfiguration$LoadBalancerCaffeineWarnLogger] LoadBalancerCacheAutoConfiguration.java:82 - Spring Cloud LoadBalancer is currently working with the default cache. You can switch to using Caffeine cache, by adding it and org.springframework.cache.caffeine.CaffeineCacheManager to the classpath.
2021-10-22 18:32:30,299 [main] INFO  [o.s.boot.web.embedded.netty.NettyWebServer] NettyWebServer.java:111 - Netty started on port 9999
2021-10-22 18:32:30,316 [main] INFO  [c.a.cloud.nacos.registry.NacosServiceRegistry] NacosServiceRegistry.java:75 - nacos registry, DEFAULT_GROUP sanyi-gateway 172.19.1.254:9999 register finished
2021-10-22 18:32:30,341 [main] INFO  [com.sanyicloud.sanyi.SanyiGatewayApplication] StartupInfoLogger.java:61 - Started SanyiGatewayApplication in 5.262 seconds (JVM running for 5.979)
2021-10-22 18:32:52,118 [SpringApplicationShutdownHook] INFO  [c.a.cloud.nacos.registry.NacosServiceRegistry] NacosServiceRegistry.java:90 - De-registering from Nacos Server now...
2021-10-22 18:32:52,123 [SpringApplicationShutdownHook] INFO  [c.a.cloud.nacos.registry.NacosServiceRegistry] NacosServiceRegistry.java:110 - De-registration finished.
2021-10-22 18:33:01,170 [SpringApplicationShutdownHook] WARN  [o.s.beans.factory.support.DisposableBeanAdapter] DisposableBeanAdapter.java:291 - Destroy method 'close' on bean with name 'nacosServiceRegistry' threw an exception: java.lang.NullPointerException
2021-10-22 18:49:20,996 [background-preinit] INFO  [org.hibernate.validator.internal.util.Version] Version.java:21 - HV000001: Hibernate Validator 6.2.0.Final
2021-10-22 18:49:21,570 [main] WARN  [c.a.cloud.nacos.client.NacosPropertySourceBuilder] NacosPropertySourceBuilder.java:87 - Ignore the empty nacos configuration and get it based on dataId[sanyi-gateway] & group[DEFAULT_GROUP]
2021-10-22 18:49:21,577 [main] WARN  [c.a.cloud.nacos.client.NacosPropertySourceBuilder] NacosPropertySourceBuilder.java:87 - Ignore the empty nacos configuration and get it based on dataId[sanyi-gateway.yml] & group[DEFAULT_GROUP]
2021-10-22 18:49:21,592 [main] INFO  [o.s.c.b.c.PropertySourceBootstrapConfiguration] PropertySourceBootstrapConfiguration.java:109 - Located property source: [BootstrapPropertySource {name='bootstrapProperties-sanyi-gateway-dev.yml,DEFAULT_GROUP'}, BootstrapPropertySource {name='bootstrapProperties-sanyi-gateway.yml,DEFAULT_GROUP'}, BootstrapPropertySource {name='bootstrapProperties-sanyi-gateway,DEFAULT_GROUP'}, BootstrapPropertySource {name='bootstrapProperties-application-dev.yml,DEFAULT_GROUP'}]
2021-10-22 18:49:21,599 [main] INFO  [com.sanyicloud.sanyi.SanyiGatewayApplication] SpringApplication.java:663 - The following profiles are active: dev
2021-10-22 18:49:22,381 [main] INFO  [o.s.d.r.config.RepositoryConfigurationDelegate] RepositoryConfigurationDelegate.java:262 - Multiple Spring Data modules found, entering strict repository configuration mode!
2021-10-22 18:49:22,383 [main] INFO  [o.s.d.r.config.RepositoryConfigurationDelegate] RepositoryConfigurationDelegate.java:132 - Bootstrapping Spring Data Redis repositories in DEFAULT mode.
2021-10-22 18:49:22,403 [main] INFO  [o.s.d.r.config.RepositoryConfigurationDelegate] RepositoryConfigurationDelegate.java:201 - Finished Spring Data repository scanning in 10 ms. Found 0 Redis repository interfaces.
2021-10-22 18:49:22,549 [main] INFO  [o.springframework.cloud.context.scope.GenericScope] GenericScope.java:283 - BeanFactory id=c615b6a9-61e6-3702-8341-c9ac9ad7e50c
2021-10-22 18:49:22,865 [main] INFO  [o.s.c.s.PostProcessorRegistrationDelegate$BeanPostProcessorChecker] PostProcessorRegistrationDelegate.java:376 - Bean 'spring.cloud.sentinel-com.alibaba.cloud.sentinel.SentinelProperties' of type [com.alibaba.cloud.sentinel.SentinelProperties] is not eligible for getting processed by all BeanPostProcessors (for example: not eligible for auto-proxying)
2021-10-22 18:49:22,927 [main] INFO  [o.s.c.s.PostProcessorRegistrationDelegate$BeanPostProcessorChecker] PostProcessorRegistrationDelegate.java:376 - Bean 'com.alibaba.cloud.sentinel.custom.SentinelAutoConfiguration' of type [com.alibaba.cloud.sentinel.custom.SentinelAutoConfiguration] is not eligible for getting processed by all BeanPostProcessors (for example: not eligible for auto-proxying)
2021-10-22 18:49:22,934 [main] INFO  [o.s.c.s.PostProcessorRegistrationDelegate$BeanPostProcessorChecker] PostProcessorRegistrationDelegate.java:376 - Bean 'org.springframework.cloud.client.loadbalancer.reactive.LoadBalancerBeanPostProcessorAutoConfiguration' of type [org.springframework.cloud.client.loadbalancer.reactive.LoadBalancerBeanPostProcessorAutoConfiguration] is not eligible for getting processed by all BeanPostProcessors (for example: not eligible for auto-proxying)
2021-10-22 18:49:22,935 [main] INFO  [o.s.c.s.PostProcessorRegistrationDelegate$BeanPostProcessorChecker] PostProcessorRegistrationDelegate.java:376 - Bean 'org.springframework.cloud.client.loadbalancer.reactive.LoadBalancerBeanPostProcessorAutoConfiguration$ReactorDeferringLoadBalancerFilterConfig' of type [org.springframework.cloud.client.loadbalancer.reactive.LoadBalancerBeanPostProcessorAutoConfiguration$ReactorDeferringLoadBalancerFilterConfig] is not eligible for getting processed by all BeanPostProcessors (for example: not eligible for auto-proxying)
2021-10-22 18:49:22,937 [main] INFO  [o.s.c.s.PostProcessorRegistrationDelegate$BeanPostProcessorChecker] PostProcessorRegistrationDelegate.java:376 - Bean 'reactorDeferringLoadBalancerExchangeFilterFunction' of type [org.springframework.cloud.client.loadbalancer.reactive.DeferringLoadBalancerExchangeFilterFunction] is not eligible for getting processed by all BeanPostProcessors (for example: not eligible for auto-proxying)
2021-10-22 18:49:23,060 [main] INFO  [com.sanyicloud.sanyi.gateway.filter.LoggingFilter] LoggingFilter.java:23 - Loaded GlobalFilter [Logging]
2021-10-22 18:49:23,580 [main] INFO  [org.redisson.Version] Version.java:41 - Redisson 3.16.3
2021-10-22 18:49:23,934 [redisson-netty-3-13] INFO  [o.r.connection.pool.MasterPubSubConnectionPool] ConnectionPool.java:166 - 1 connections initialized for 172.19.1.251/172.19.1.251:6379
2021-10-22 18:49:23,970 [redisson-netty-3-3] INFO  [org.redisson.connection.pool.MasterConnectionPool] ConnectionPool.java:166 - 32 connections initialized for 172.19.1.251/172.19.1.251:6379
2021-10-22 18:49:24,492 [main] INFO  [c.a.c.s.gateway.scg.SentinelSCGAutoConfiguration] SentinelSCGAutoConfiguration.java:144 - [Sentinel SpringCloudGateway] register SentinelGatewayFilter with order: -2147483648
2021-10-22 18:49:24,577 [main] INFO  [o.s.c.gateway.route.RouteDefinitionRouteLocator] RouteDefinitionRouteLocator.java:88 - Loaded RoutePredicateFactory [After]
2021-10-22 18:49:24,577 [main] INFO  [o.s.c.gateway.route.RouteDefinitionRouteLocator] RouteDefinitionRouteLocator.java:88 - Loaded RoutePredicateFactory [Before]
2021-10-22 18:49:24,577 [main] INFO  [o.s.c.gateway.route.RouteDefinitionRouteLocator] RouteDefinitionRouteLocator.java:88 - Loaded RoutePredicateFactory [Between]
2021-10-22 18:49:24,578 [main] INFO  [o.s.c.gateway.route.RouteDefinitionRouteLocator] RouteDefinitionRouteLocator.java:88 - Loaded RoutePredicateFactory [Cookie]
2021-10-22 18:49:24,578 [main] INFO  [o.s.c.gateway.route.RouteDefinitionRouteLocator] RouteDefinitionRouteLocator.java:88 - Loaded RoutePredicateFactory [Header]
2021-10-22 18:49:24,578 [main] INFO  [o.s.c.gateway.route.RouteDefinitionRouteLocator] RouteDefinitionRouteLocator.java:88 - Loaded RoutePredicateFactory [Host]
2021-10-22 18:49:24,578 [main] INFO  [o.s.c.gateway.route.RouteDefinitionRouteLocator] RouteDefinitionRouteLocator.java:88 - Loaded RoutePredicateFactory [Method]
2021-10-22 18:49:24,578 [main] INFO  [o.s.c.gateway.route.RouteDefinitionRouteLocator] RouteDefinitionRouteLocator.java:88 - Loaded RoutePredicateFactory [Path]
2021-10-22 18:49:24,579 [main] INFO  [o.s.c.gateway.route.RouteDefinitionRouteLocator] RouteDefinitionRouteLocator.java:88 - Loaded RoutePredicateFactory [Query]
2021-10-22 18:49:24,579 [main] INFO  [o.s.c.gateway.route.RouteDefinitionRouteLocator] RouteDefinitionRouteLocator.java:88 - Loaded RoutePredicateFactory [ReadBody]
2021-10-22 18:49:24,579 [main] INFO  [o.s.c.gateway.route.RouteDefinitionRouteLocator] RouteDefinitionRouteLocator.java:88 - Loaded RoutePredicateFactory [RemoteAddr]
2021-10-22 18:49:24,579 [main] INFO  [o.s.c.gateway.route.RouteDefinitionRouteLocator] RouteDefinitionRouteLocator.java:88 - Loaded RoutePredicateFactory [Weight]
2021-10-22 18:49:24,579 [main] INFO  [o.s.c.gateway.route.RouteDefinitionRouteLocator] RouteDefinitionRouteLocator.java:88 - Loaded RoutePredicateFactory [CloudFoundryRouteService]
2021-10-22 18:49:24,903 [main] INFO  [o.s.b.actuate.endpoint.web.EndpointLinksResolver] EndpointLinksResolver.java:58 - Exposing 20 endpoint(s) beneath base path '/actuator'
2021-10-22 18:49:24,988 [main] INFO  [c.a.c.s.gateway.scg.SentinelSCGAutoConfiguration] SentinelSCGAutoConfiguration.java:134 - [Sentinel SpringCloudGateway] register SentinelGatewayBlockExceptionHandler
2021-10-22 18:49:25,231 [main] WARN  [o.s.c.l.c.LoadBalancerCacheAutoConfiguration$LoadBalancerCaffeineWarnLogger] LoadBalancerCacheAutoConfiguration.java:82 - Spring Cloud LoadBalancer is currently working with the default cache. You can switch to using Caffeine cache, by adding it and org.springframework.cache.caffeine.CaffeineCacheManager to the classpath.
2021-10-22 18:49:25,390 [main] INFO  [o.s.boot.web.embedded.netty.NettyWebServer] NettyWebServer.java:111 - Netty started on port 9999
2021-10-22 18:49:25,435 [main] INFO  [c.a.cloud.nacos.registry.NacosServiceRegistry] NacosServiceRegistry.java:75 - nacos registry, DEFAULT_GROUP sanyi-gateway 172.19.1.254:9999 register finished
2021-10-22 18:49:25,470 [main] INFO  [com.sanyicloud.sanyi.SanyiGatewayApplication] StartupInfoLogger.java:61 - Started SanyiGatewayApplication in 5.186 seconds (JVM running for 5.765)
2021-10-22 18:50:57,042 [SpringApplicationShutdownHook] INFO  [c.a.cloud.nacos.registry.NacosServiceRegistry] NacosServiceRegistry.java:90 - De-registering from Nacos Server now...
2021-10-22 18:50:57,047 [SpringApplicationShutdownHook] INFO  [c.a.cloud.nacos.registry.NacosServiceRegistry] NacosServiceRegistry.java:110 - De-registration finished.
2021-10-22 18:51:06,089 [SpringApplicationShutdownHook] WARN  [o.s.beans.factory.support.DisposableBeanAdapter] DisposableBeanAdapter.java:291 - Destroy method 'close' on bean with name 'nacosServiceRegistry' threw an exception: java.lang.NullPointerException
2021-10-22 18:51:17,363 [background-preinit] INFO  [org.hibernate.validator.internal.util.Version] Version.java:21 - HV000001: Hibernate Validator 6.2.0.Final
2021-10-22 18:51:18,995 [main] WARN  [c.a.cloud.nacos.client.NacosPropertySourceBuilder] NacosPropertySourceBuilder.java:87 - Ignore the empty nacos configuration and get it based on dataId[sanyi-gateway] & group[DEFAULT_GROUP]
2021-10-22 18:51:19,000 [main] WARN  [c.a.cloud.nacos.client.NacosPropertySourceBuilder] NacosPropertySourceBuilder.java:87 - Ignore the empty nacos configuration and get it based on dataId[sanyi-gateway.yml] & group[DEFAULT_GROUP]
2021-10-22 18:51:19,014 [main] INFO  [o.s.c.b.c.PropertySourceBootstrapConfiguration] PropertySourceBootstrapConfiguration.java:109 - Located property source: [BootstrapPropertySource {name='bootstrapProperties-sanyi-gateway-dev.yml,DEFAULT_GROUP'}, BootstrapPropertySource {name='bootstrapProperties-sanyi-gateway.yml,DEFAULT_GROUP'}, BootstrapPropertySource {name='bootstrapProperties-sanyi-gateway,DEFAULT_GROUP'}, BootstrapPropertySource {name='bootstrapProperties-application-dev.yml,DEFAULT_GROUP'}]
2021-10-22 18:51:19,057 [main] INFO  [com.sanyicloud.sanyi.SanyiGatewayApplication] SpringApplication.java:663 - The following profiles are active: dev
2021-10-22 18:51:20,742 [main] INFO  [o.s.d.r.config.RepositoryConfigurationDelegate] RepositoryConfigurationDelegate.java:262 - Multiple Spring Data modules found, entering strict repository configuration mode!
2021-10-22 18:51:20,744 [main] INFO  [o.s.d.r.config.RepositoryConfigurationDelegate] RepositoryConfigurationDelegate.java:132 - Bootstrapping Spring Data Redis repositories in DEFAULT mode.
2021-10-22 18:51:20,765 [main] INFO  [o.s.d.r.config.RepositoryConfigurationDelegate] RepositoryConfigurationDelegate.java:201 - Finished Spring Data repository scanning in 10 ms. Found 0 Redis repository interfaces.
2021-10-22 18:51:20,926 [main] INFO  [o.springframework.cloud.context.scope.GenericScope] GenericScope.java:283 - BeanFactory id=c615b6a9-61e6-3702-8341-c9ac9ad7e50c
2021-10-22 18:51:21,238 [main] INFO  [o.s.c.s.PostProcessorRegistrationDelegate$BeanPostProcessorChecker] PostProcessorRegistrationDelegate.java:376 - Bean 'spring.cloud.sentinel-com.alibaba.cloud.sentinel.SentinelProperties' of type [com.alibaba.cloud.sentinel.SentinelProperties] is not eligible for getting processed by all BeanPostProcessors (for example: not eligible for auto-proxying)
2021-10-22 18:51:21,291 [main] INFO  [o.s.c.s.PostProcessorRegistrationDelegate$BeanPostProcessorChecker] PostProcessorRegistrationDelegate.java:376 - Bean 'com.alibaba.cloud.sentinel.custom.SentinelAutoConfiguration' of type [com.alibaba.cloud.sentinel.custom.SentinelAutoConfiguration] is not eligible for getting processed by all BeanPostProcessors (for example: not eligible for auto-proxying)
2021-10-22 18:51:21,300 [main] INFO  [o.s.c.s.PostProcessorRegistrationDelegate$BeanPostProcessorChecker] PostProcessorRegistrationDelegate.java:376 - Bean 'org.springframework.cloud.client.loadbalancer.reactive.LoadBalancerBeanPostProcessorAutoConfiguration' of type [org.springframework.cloud.client.loadbalancer.reactive.LoadBalancerBeanPostProcessorAutoConfiguration] is not eligible for getting processed by all BeanPostProcessors (for example: not eligible for auto-proxying)
2021-10-22 18:51:21,301 [main] INFO  [o.s.c.s.PostProcessorRegistrationDelegate$BeanPostProcessorChecker] PostProcessorRegistrationDelegate.java:376 - Bean 'org.springframework.cloud.client.loadbalancer.reactive.LoadBalancerBeanPostProcessorAutoConfiguration$ReactorDeferringLoadBalancerFilterConfig' of type [org.springframework.cloud.client.loadbalancer.reactive.LoadBalancerBeanPostProcessorAutoConfiguration$ReactorDeferringLoadBalancerFilterConfig] is not eligible for getting processed by all BeanPostProcessors (for example: not eligible for auto-proxying)
2021-10-22 18:51:21,302 [main] INFO  [o.s.c.s.PostProcessorRegistrationDelegate$BeanPostProcessorChecker] PostProcessorRegistrationDelegate.java:376 - Bean 'reactorDeferringLoadBalancerExchangeFilterFunction' of type [org.springframework.cloud.client.loadbalancer.reactive.DeferringLoadBalancerExchangeFilterFunction] is not eligible for getting processed by all BeanPostProcessors (for example: not eligible for auto-proxying)
2021-10-22 18:51:21,419 [main] INFO  [com.sanyicloud.sanyi.gateway.filter.LoggingFilter] LoggingFilter.java:23 - Loaded GlobalFilter [Logging]
2021-10-22 18:51:21,939 [main] INFO  [org.redisson.Version] Version.java:41 - Redisson 3.16.3
2021-10-22 18:51:22,415 [redisson-netty-3-10] INFO  [o.r.connection.pool.MasterPubSubConnectionPool] ConnectionPool.java:166 - 1 connections initialized for 172.19.1.251/172.19.1.251:6379
2021-10-22 18:51:22,466 [redisson-netty-3-2] INFO  [org.redisson.connection.pool.MasterConnectionPool] ConnectionPool.java:166 - 32 connections initialized for 172.19.1.251/172.19.1.251:6379
2021-10-22 18:51:23,121 [main] INFO  [c.a.c.s.gateway.scg.SentinelSCGAutoConfiguration] SentinelSCGAutoConfiguration.java:144 - [Sentinel SpringCloudGateway] register SentinelGatewayFilter with order: -2147483648
2021-10-22 18:51:23,189 [main] INFO  [o.s.c.gateway.route.RouteDefinitionRouteLocator] RouteDefinitionRouteLocator.java:88 - Loaded RoutePredicateFactory [After]
2021-10-22 18:51:23,189 [main] INFO  [o.s.c.gateway.route.RouteDefinitionRouteLocator] RouteDefinitionRouteLocator.java:88 - Loaded RoutePredicateFactory [Before]
2021-10-22 18:51:23,189 [main] INFO  [o.s.c.gateway.route.RouteDefinitionRouteLocator] RouteDefinitionRouteLocator.java:88 - Loaded RoutePredicateFactory [Between]
2021-10-22 18:51:23,189 [main] INFO  [o.s.c.gateway.route.RouteDefinitionRouteLocator] RouteDefinitionRouteLocator.java:88 - Loaded RoutePredicateFactory [Cookie]
2021-10-22 18:51:23,189 [main] INFO  [o.s.c.gateway.route.RouteDefinitionRouteLocator] RouteDefinitionRouteLocator.java:88 - Loaded RoutePredicateFactory [Header]
2021-10-22 18:51:23,190 [main] INFO  [o.s.c.gateway.route.RouteDefinitionRouteLocator] RouteDefinitionRouteLocator.java:88 - Loaded RoutePredicateFactory [Host]
2021-10-22 18:51:23,190 [main] INFO  [o.s.c.gateway.route.RouteDefinitionRouteLocator] RouteDefinitionRouteLocator.java:88 - Loaded RoutePredicateFactory [Method]
2021-10-22 18:51:23,190 [main] INFO  [o.s.c.gateway.route.RouteDefinitionRouteLocator] RouteDefinitionRouteLocator.java:88 - Loaded RoutePredicateFactory [Path]
2021-10-22 18:51:23,190 [main] INFO  [o.s.c.gateway.route.RouteDefinitionRouteLocator] RouteDefinitionRouteLocator.java:88 - Loaded RoutePredicateFactory [Query]
2021-10-22 18:51:23,190 [main] INFO  [o.s.c.gateway.route.RouteDefinitionRouteLocator] RouteDefinitionRouteLocator.java:88 - Loaded RoutePredicateFactory [ReadBody]
2021-10-22 18:51:23,190 [main] INFO  [o.s.c.gateway.route.RouteDefinitionRouteLocator] RouteDefinitionRouteLocator.java:88 - Loaded RoutePredicateFactory [RemoteAddr]
2021-10-22 18:51:23,190 [main] INFO  [o.s.c.gateway.route.RouteDefinitionRouteLocator] RouteDefinitionRouteLocator.java:88 - Loaded RoutePredicateFactory [Weight]
2021-10-22 18:51:23,191 [main] INFO  [o.s.c.gateway.route.RouteDefinitionRouteLocator] RouteDefinitionRouteLocator.java:88 - Loaded RoutePredicateFactory [CloudFoundryRouteService]
2021-10-22 18:51:23,514 [main] INFO  [o.s.b.actuate.endpoint.web.EndpointLinksResolver] EndpointLinksResolver.java:58 - Exposing 20 endpoint(s) beneath base path '/actuator'
2021-10-22 18:51:23,604 [main] INFO  [c.a.c.s.gateway.scg.SentinelSCGAutoConfiguration] SentinelSCGAutoConfiguration.java:134 - [Sentinel SpringCloudGateway] register SentinelGatewayBlockExceptionHandler
2021-10-22 18:51:23,857 [main] WARN  [o.s.c.l.c.LoadBalancerCacheAutoConfiguration$LoadBalancerCaffeineWarnLogger] LoadBalancerCacheAutoConfiguration.java:82 - Spring Cloud LoadBalancer is currently working with the default cache. You can switch to using Caffeine cache, by adding it and org.springframework.cache.caffeine.CaffeineCacheManager to the classpath.
2021-10-22 18:51:24,002 [main] INFO  [o.s.boot.web.embedded.netty.NettyWebServer] NettyWebServer.java:111 - Netty started on port 9999
2021-10-22 18:51:24,020 [main] INFO  [c.a.cloud.nacos.registry.NacosServiceRegistry] NacosServiceRegistry.java:75 - nacos registry, DEFAULT_GROUP sanyi-gateway 172.19.1.254:9999 register finished
2021-10-22 18:51:24,385 [main] INFO  [com.sanyicloud.sanyi.SanyiGatewayApplication] StartupInfoLogger.java:61 - Started SanyiGatewayApplication in 7.841 seconds (JVM running for 8.493)
2021-10-22 18:53:40,397 [com.alibaba.nacos.client.Worker.longPolling.fixed-172.19.1.251_8848] WARN  [c.a.cloud.nacos.client.NacosPropertySourceBuilder] NacosPropertySourceBuilder.java:87 - Ignore the empty nacos configuration and get it based on dataId[sanyi-gateway] & group[DEFAULT_GROUP]
2021-10-22 18:53:40,404 [com.alibaba.nacos.client.Worker.longPolling.fixed-172.19.1.251_8848] WARN  [c.a.cloud.nacos.client.NacosPropertySourceBuilder] NacosPropertySourceBuilder.java:87 - Ignore the empty nacos configuration and get it based on dataId[sanyi-gateway.yml] & group[DEFAULT_GROUP]
2021-10-22 18:53:40,530 [com.alibaba.nacos.client.Worker.longPolling.fixed-172.19.1.251_8848] INFO  [o.s.c.b.c.PropertySourceBootstrapConfiguration] PropertySourceBootstrapConfiguration.java:109 - Located property source: [BootstrapPropertySource {name='bootstrapProperties-sanyi-gateway-dev.yml,DEFAULT_GROUP'}, BootstrapPropertySource {name='bootstrapProperties-sanyi-gateway.yml,DEFAULT_GROUP'}, BootstrapPropertySource {name='bootstrapProperties-sanyi-gateway,DEFAULT_GROUP'}, BootstrapPropertySource {name='bootstrapProperties-application-dev.yml,DEFAULT_GROUP'}]
2021-10-22 18:53:40,535 [com.alibaba.nacos.client.Worker.longPolling.fixed-172.19.1.251_8848] INFO  [org.springframework.boot.SpringApplication] SpringApplication.java:663 - The following profiles are active: dev
2021-10-22 18:53:40,549 [com.alibaba.nacos.client.Worker.longPolling.fixed-172.19.1.251_8848] INFO  [org.springframework.boot.SpringApplication] StartupInfoLogger.java:61 - Started application in 0.224 seconds (JVM running for 144.653)
2021-10-22 18:53:40,663 [com.alibaba.nacos.client.Worker.longPolling.fixed-172.19.1.251_8848] INFO  [o.s.cloud.endpoint.event.RefreshEventListener] RefreshEventListener.java:73 - Refresh keys changed: [spring.cloud.gateway.globalcors.corsConfigurations[/**].allowedHeaders, spring.cloud.gateway.globalcors.corsConfigurations[/**].allowedMethods[0], spring.cloud.gateway.globalcors.corsConfigurations[/**].allowedOrigins]
2021-10-22 18:53:45,940 [SpringApplicationShutdownHook] INFO  [c.a.cloud.nacos.registry.NacosServiceRegistry] NacosServiceRegistry.java:90 - De-registering from Nacos Server now...
2021-10-22 18:53:45,946 [SpringApplicationShutdownHook] INFO  [c.a.cloud.nacos.registry.NacosServiceRegistry] NacosServiceRegistry.java:110 - De-registration finished.
2021-10-22 18:53:54,987 [SpringApplicationShutdownHook] WARN  [o.s.beans.factory.support.DisposableBeanAdapter] DisposableBeanAdapter.java:291 - Destroy method 'close' on bean with name 'nacosServiceRegistry' threw an exception: java.lang.NullPointerException
2021-10-22 18:54:05,606 [background-preinit] INFO  [org.hibernate.validator.internal.util.Version] Version.java:21 - HV000001: Hibernate Validator 6.2.0.Final
2021-10-22 18:54:06,172 [main] WARN  [c.a.cloud.nacos.client.NacosPropertySourceBuilder] NacosPropertySourceBuilder.java:87 - Ignore the empty nacos configuration and get it based on dataId[sanyi-gateway] & group[DEFAULT_GROUP]
2021-10-22 18:54:06,177 [main] WARN  [c.a.cloud.nacos.client.NacosPropertySourceBuilder] NacosPropertySourceBuilder.java:87 - Ignore the empty nacos configuration and get it based on dataId[sanyi-gateway.yml] & group[DEFAULT_GROUP]
2021-10-22 18:54:06,185 [main] INFO  [o.s.c.b.c.PropertySourceBootstrapConfiguration] PropertySourceBootstrapConfiguration.java:109 - Located property source: [BootstrapPropertySource {name='bootstrapProperties-sanyi-gateway-dev.yml,DEFAULT_GROUP'}, BootstrapPropertySource {name='bootstrapProperties-sanyi-gateway.yml,DEFAULT_GROUP'}, BootstrapPropertySource {name='bootstrapProperties-sanyi-gateway,DEFAULT_GROUP'}, BootstrapPropertySource {name='bootstrapProperties-application-dev.yml,DEFAULT_GROUP'}]
2021-10-22 18:54:06,191 [main] INFO  [com.sanyicloud.sanyi.SanyiGatewayApplication] SpringApplication.java:663 - The following profiles are active: dev
2021-10-22 18:54:07,004 [main] INFO  [o.s.d.r.config.RepositoryConfigurationDelegate] RepositoryConfigurationDelegate.java:262 - Multiple Spring Data modules found, entering strict repository configuration mode!
2021-10-22 18:54:07,006 [main] INFO  [o.s.d.r.config.RepositoryConfigurationDelegate] RepositoryConfigurationDelegate.java:132 - Bootstrapping Spring Data Redis repositories in DEFAULT mode.
2021-10-22 18:54:07,027 [main] INFO  [o.s.d.r.config.RepositoryConfigurationDelegate] RepositoryConfigurationDelegate.java:201 - Finished Spring Data repository scanning in 10 ms. Found 0 Redis repository interfaces.
2021-10-22 18:54:07,182 [main] INFO  [o.springframework.cloud.context.scope.GenericScope] GenericScope.java:283 - BeanFactory id=c615b6a9-61e6-3702-8341-c9ac9ad7e50c
2021-10-22 18:54:07,506 [main] INFO  [o.s.c.s.PostProcessorRegistrationDelegate$BeanPostProcessorChecker] PostProcessorRegistrationDelegate.java:376 - Bean 'spring.cloud.sentinel-com.alibaba.cloud.sentinel.SentinelProperties' of type [com.alibaba.cloud.sentinel.SentinelProperties] is not eligible for getting processed by all BeanPostProcessors (for example: not eligible for auto-proxying)
2021-10-22 18:54:07,560 [main] INFO  [o.s.c.s.PostProcessorRegistrationDelegate$BeanPostProcessorChecker] PostProcessorRegistrationDelegate.java:376 - Bean 'com.alibaba.cloud.sentinel.custom.SentinelAutoConfiguration' of type [com.alibaba.cloud.sentinel.custom.SentinelAutoConfiguration] is not eligible for getting processed by all BeanPostProcessors (for example: not eligible for auto-proxying)
2021-10-22 18:54:07,568 [main] INFO  [o.s.c.s.PostProcessorRegistrationDelegate$BeanPostProcessorChecker] PostProcessorRegistrationDelegate.java:376 - Bean 'org.springframework.cloud.client.loadbalancer.reactive.LoadBalancerBeanPostProcessorAutoConfiguration' of type [org.springframework.cloud.client.loadbalancer.reactive.LoadBalancerBeanPostProcessorAutoConfiguration] is not eligible for getting processed by all BeanPostProcessors (for example: not eligible for auto-proxying)
2021-10-22 18:54:07,570 [main] INFO  [o.s.c.s.PostProcessorRegistrationDelegate$BeanPostProcessorChecker] PostProcessorRegistrationDelegate.java:376 - Bean 'org.springframework.cloud.client.loadbalancer.reactive.LoadBalancerBeanPostProcessorAutoConfiguration$ReactorDeferringLoadBalancerFilterConfig' of type [org.springframework.cloud.client.loadbalancer.reactive.LoadBalancerBeanPostProcessorAutoConfiguration$ReactorDeferringLoadBalancerFilterConfig] is not eligible for getting processed by all BeanPostProcessors (for example: not eligible for auto-proxying)
2021-10-22 18:54:07,571 [main] INFO  [o.s.c.s.PostProcessorRegistrationDelegate$BeanPostProcessorChecker] PostProcessorRegistrationDelegate.java:376 - Bean 'reactorDeferringLoadBalancerExchangeFilterFunction' of type [org.springframework.cloud.client.loadbalancer.reactive.DeferringLoadBalancerExchangeFilterFunction] is not eligible for getting processed by all BeanPostProcessors (for example: not eligible for auto-proxying)
2021-10-22 18:54:07,706 [main] INFO  [com.sanyicloud.sanyi.gateway.filter.LoggingFilter] LoggingFilter.java:23 - Loaded GlobalFilter [Logging]
2021-10-22 18:54:08,234 [main] INFO  [org.redisson.Version] Version.java:41 - Redisson 3.16.3
2021-10-22 18:54:08,626 [redisson-netty-3-3] INFO  [o.r.connection.pool.MasterPubSubConnectionPool] ConnectionPool.java:166 - 1 connections initialized for 172.19.1.251/172.19.1.251:6379
2021-10-22 18:54:08,659 [redisson-netty-3-3] INFO  [org.redisson.connection.pool.MasterConnectionPool] ConnectionPool.java:166 - 32 connections initialized for 172.19.1.251/172.19.1.251:6379
2021-10-22 18:54:09,145 [main] INFO  [c.a.c.s.gateway.scg.SentinelSCGAutoConfiguration] SentinelSCGAutoConfiguration.java:144 - [Sentinel SpringCloudGateway] register SentinelGatewayFilter with order: -2147483648
2021-10-22 18:54:09,217 [main] INFO  [o.s.c.gateway.route.RouteDefinitionRouteLocator] RouteDefinitionRouteLocator.java:88 - Loaded RoutePredicateFactory [After]
2021-10-22 18:54:09,217 [main] INFO  [o.s.c.gateway.route.RouteDefinitionRouteLocator] RouteDefinitionRouteLocator.java:88 - Loaded RoutePredicateFactory [Before]
2021-10-22 18:54:09,217 [main] INFO  [o.s.c.gateway.route.RouteDefinitionRouteLocator] RouteDefinitionRouteLocator.java:88 - Loaded RoutePredicateFactory [Between]
2021-10-22 18:54:09,217 [main] INFO  [o.s.c.gateway.route.RouteDefinitionRouteLocator] RouteDefinitionRouteLocator.java:88 - Loaded RoutePredicateFactory [Cookie]
2021-10-22 18:54:09,218 [main] INFO  [o.s.c.gateway.route.RouteDefinitionRouteLocator] RouteDefinitionRouteLocator.java:88 - Loaded RoutePredicateFactory [Header]
2021-10-22 18:54:09,218 [main] INFO  [o.s.c.gateway.route.RouteDefinitionRouteLocator] RouteDefinitionRouteLocator.java:88 - Loaded RoutePredicateFactory [Host]
2021-10-22 18:54:09,218 [main] INFO  [o.s.c.gateway.route.RouteDefinitionRouteLocator] RouteDefinitionRouteLocator.java:88 - Loaded RoutePredicateFactory [Method]
2021-10-22 18:54:09,218 [main] INFO  [o.s.c.gateway.route.RouteDefinitionRouteLocator] RouteDefinitionRouteLocator.java:88 - Loaded RoutePredicateFactory [Path]
2021-10-22 18:54:09,218 [main] INFO  [o.s.c.gateway.route.RouteDefinitionRouteLocator] RouteDefinitionRouteLocator.java:88 - Loaded RoutePredicateFactory [Query]
2021-10-22 18:54:09,218 [main] INFO  [o.s.c.gateway.route.RouteDefinitionRouteLocator] RouteDefinitionRouteLocator.java:88 - Loaded RoutePredicateFactory [ReadBody]
2021-10-22 18:54:09,219 [main] INFO  [o.s.c.gateway.route.RouteDefinitionRouteLocator] RouteDefinitionRouteLocator.java:88 - Loaded RoutePredicateFactory [RemoteAddr]
2021-10-22 18:54:09,219 [main] INFO  [o.s.c.gateway.route.RouteDefinitionRouteLocator] RouteDefinitionRouteLocator.java:88 - Loaded RoutePredicateFactory [Weight]
2021-10-22 18:54:09,219 [main] INFO  [o.s.c.gateway.route.RouteDefinitionRouteLocator] RouteDefinitionRouteLocator.java:88 - Loaded RoutePredicateFactory [CloudFoundryRouteService]
2021-10-22 18:54:09,534 [main] INFO  [o.s.b.actuate.endpoint.web.EndpointLinksResolver] EndpointLinksResolver.java:58 - Exposing 20 endpoint(s) beneath base path '/actuator'
2021-10-22 18:54:09,618 [main] INFO  [c.a.c.s.gateway.scg.SentinelSCGAutoConfiguration] SentinelSCGAutoConfiguration.java:134 - [Sentinel SpringCloudGateway] register SentinelGatewayBlockExceptionHandler
2021-10-22 18:54:09,898 [main] WARN  [o.s.c.l.c.LoadBalancerCacheAutoConfiguration$LoadBalancerCaffeineWarnLogger] LoadBalancerCacheAutoConfiguration.java:82 - Spring Cloud LoadBalancer is currently working with the default cache. You can switch to using Caffeine cache, by adding it and org.springframework.cache.caffeine.CaffeineCacheManager to the classpath.
2021-10-22 18:54:10,055 [main] INFO  [o.s.boot.web.embedded.netty.NettyWebServer] NettyWebServer.java:111 - Netty started on port 9999
2021-10-22 18:54:10,080 [main] INFO  [c.a.cloud.nacos.registry.NacosServiceRegistry] NacosServiceRegistry.java:75 - nacos registry, DEFAULT_GROUP sanyi-gateway 172.19.1.254:9999 register finished
2021-10-22 18:54:10,130 [main] INFO  [com.sanyicloud.sanyi.SanyiGatewayApplication] StartupInfoLogger.java:61 - Started SanyiGatewayApplication in 5.365 seconds (JVM running for 6.295)
2021-10-22 18:55:59,084 [reactor-http-nio-3] INFO  [c.sanyicloud.sanyi.gateway.filter.ApiLoggingFilter] ApiLoggingFilter.java:32 - ApiLoggingFilter -->1634900159084
2021-10-22 18:56:08,010 [reactor-http-nio-5] INFO  [com.sanyicloud.sanyi.gateway.filter.LoggingFilter] LoggingFilter.java:36 - /test : 8848ms
2021-10-22 18:56:08,013 [reactor-http-nio-5] INFO  [c.sanyicloud.sanyi.gateway.filter.ApiLoggingFilter] ApiLoggingFilter.java:32 - ApiLoggingFilter -->1634900168013
2021-10-22 18:56:08,019 [redisson-netty-3-3] INFO  [com.sanyicloud.sanyi.gateway.filter.LoggingFilter] LoggingFilter.java:36 - /test : 0ms
2021-10-22 18:56:50,876 [SpringApplicationShutdownHook] INFO  [c.a.cloud.nacos.registry.NacosServiceRegistry] NacosServiceRegistry.java:90 - De-registering from Nacos Server now...
2021-10-22 18:56:50,881 [SpringApplicationShutdownHook] INFO  [c.a.cloud.nacos.registry.NacosServiceRegistry] NacosServiceRegistry.java:110 - De-registration finished.
2021-10-22 18:56:59,921 [SpringApplicationShutdownHook] WARN  [o.s.beans.factory.support.DisposableBeanAdapter] DisposableBeanAdapter.java:291 - Destroy method 'close' on bean with name 'nacosServiceRegistry' threw an exception: java.lang.NullPointerException
